<?xml version="1.0" encoding="UTF-8"?>
<!-- Generated by org.testng.reporters.JUnitXMLReporter -->
<testsuite ignored="0" hostname="LAPTOP-0HN71S7B" failures="0" tests="1" name="ChromeTest" time="0.036" errors="0" timestamp="2023-08-24T12:17:00 IST">
  <testcase classname="testNG.test" name="@BeforeTest openBrowser" time="-1.692859620229E9">
    <failure type="org.testng.TestNGException" message="
Can inject only one of &amp;lt;ITestContext, XmlTest&amp;gt; into a @BeforeTest annotated openBrowser.
For more information on native dependency injection please refer to https://testng.org/doc/documentation-main.html#native-dependency-injection">
      <![CDATA[org.testng.TestNGException: 
Can inject only one of <ITestContext, XmlTest> into a @BeforeTest annotated openBrowser.
For more information on native dependency injection please refer to https://testng.org/doc/documentation-main.html#native-dependency-injection
at java.base/java.util.concurrent.FutureTask.run(FutureTask.java:264)
at java.base/java.util.concurrent.ThreadPoolExecutor.runWorker(ThreadPoolExecutor.java:1136)
at java.base/java.util.concurrent.ThreadPoolExecutor$Worker.run(ThreadPoolExecutor.java:635)
at java.base/java.lang.Thread.run(Thread.java:833)
... Removed 12 stack frames]]>
    </failure>
  </testcase> <!-- @BeforeTest openBrowser -->
  <testcase classname="testNG.test" name="@AfterTest close" time="-1.692859620261E9">
    <skipped/>
  </testcase> <!-- @AfterTest close -->
  <testcase classname="testNG.test" name="test" time="0.0">
    <skipped/>
  </testcase> <!-- test -->
</testsuite> <!-- ChromeTest -->
