<?xml version="1.0" encoding="UTF-8"?>
<testng-results ignored="0" total="1" passed="1" failed="0" skipped="0">
  <reporter-output>
  </reporter-output>
  <suite started-at="2023-08-24T12:25:12 IST" name="Default suite" finished-at="2023-08-24T12:25:20 IST" duration-ms="8068">
    <groups>
    </groups>
    <test started-at="2023-08-24T12:25:12 IST" name="Default test" finished-at="2023-08-24T12:25:20 IST" duration-ms="8068">
      <class name="testNG.jenkins">
        <test-method signature="main()[pri:0, instance:testNG.jenkins@7133da86]" started-at="2023-08-24T12:25:12 IST" name="main" finished-at="2023-08-24T12:25:20 IST" duration-ms="8041" status="PASS">
          <reporter-output>
          </reporter-output>
        </test-method> <!-- main -->
      </class> <!-- testNG.jenkins -->
    </test> <!-- Default test -->
  </suite> <!-- Default suite -->
</testng-results>
